<?xml version="1.0" encoding="UTF-8"?>
<testng-results skipped="0" failed="0" total="1" passed="1">
  <reporter-output>
  </reporter-output>
  <suite name="uk.ac.ox.ctus.testing.polymorphism.TestAnimal" duration-ms="52" started-at="2016-03-15T17:48:10Z" finished-at="2016-03-15T17:48:10Z">
    <groups>
    </groups>
    <test name="Command line test" duration-ms="52" started-at="2016-03-15T17:48:10Z" finished-at="2016-03-15T17:48:10Z">
      <class name="uk.ac.ox.ctus.testing.polymorphism.TestAnimal">
        <test-method status="PASS" signature="BeforeTest()[pri:0, instance:uk.ac.ox.ctus.testing.polymorphism.TestAnimal@511baa65]" name="BeforeTest" is-config="true" duration-ms="11" started-at="2016-03-15T17:48:10Z" finished-at="2016-03-15T17:48:10Z">
          <reporter-output>
          </reporter-output>
        </test-method> <!-- BeforeTest -->
        <test-method status="PASS" signature="printMethodNameBefore(java.lang.reflect.Method)[pri:0, instance:uk.ac.ox.ctus.testing.polymorphism.TestAnimal@511baa65]" name="printMethodNameBefore" is-config="true" duration-ms="19" started-at="2016-03-15T17:48:10Z" finished-at="2016-03-15T17:48:10Z">
          <params>
            <param index="0">
              <value>
                <![CDATA[public void uk.ac.ox.ctus.testing.polymorphism.TestAnimal.makeSoundTest()]]>
              </value>
            </param>
          </params>
          <reporter-output>
          </reporter-output>
        </test-method> <!-- printMethodNameBefore -->
        <test-method status="PASS" signature="makeSoundTest()[pri:0, instance:uk.ac.ox.ctus.testing.polymorphism.TestAnimal@511baa65]" name="makeSoundTest" duration-ms="1" started-at="2016-03-15T17:48:10Z" finished-at="2016-03-15T17:48:10Z">
          <reporter-output>
          </reporter-output>
        </test-method> <!-- makeSoundTest -->
        <test-method status="PASS" signature="printMethodNameAfter(java.lang.reflect.Method)[pri:0, instance:uk.ac.ox.ctus.testing.polymorphism.TestAnimal@511baa65]" name="printMethodNameAfter" is-config="true" duration-ms="0" started-at="2016-03-15T17:48:10Z" finished-at="2016-03-15T17:48:10Z">
          <params>
            <param index="0">
              <value>
                <![CDATA[public void uk.ac.ox.ctus.testing.polymorphism.TestAnimal.makeSoundTest()]]>
              </value>
            </param>
          </params>
          <reporter-output>
          </reporter-output>
        </test-method> <!-- printMethodNameAfter -->
        <test-method status="PASS" signature="AfterTest()[pri:0, instance:uk.ac.ox.ctus.testing.polymorphism.TestAnimal@511baa65]" name="AfterTest" is-config="true" duration-ms="0" started-at="2016-03-15T17:48:10Z" finished-at="2016-03-15T17:48:10Z">
          <reporter-output>
          </reporter-output>
        </test-method> <!-- AfterTest -->
      </class> <!-- uk.ac.ox.ctus.testing.polymorphism.TestAnimal -->
    </test> <!-- Command line test -->
  </suite> <!-- uk.ac.ox.ctus.testing.polymorphism.TestAnimal -->
</testng-results>
